    Checking windows-sys v0.61.2
   Compiling time-macros v0.2.27
   Compiling urlpattern v0.3.0
   Compiling brotli v8.0.3
   Compiling schemars v0.8.22
   Compiling dom_query v0.27.0
   Compiling serde_with v3.21.0
    Checking regex-syntax v0.8.11
    Checking icu_properties v2.2.0
   Compiling windows-sys v0.59.0
    Checking winapi v0.3.9
    Checking hashbrown v0.17.1
    Checking rand_chacha v0.3.1
    Checking rayon v1.12.0
    Checking miniz_oxide v0.8.9
    Checking zeroize v1.8.2
    Checking fastrand v2.4.1
    Checking futures-core v0.3.32
    Checking option-ext v0.2.0
   Compiling dirs-sys v0.5.0
   Compiling toml v0.9.12+spec-1.1.0
    Checking windows-targets v0.52.6
    Checking rustls-pki-types v1.14.1
    Checking rand v0.8.6
    Checking windows-future v0.2.1
    Checking indexmap v2.14.0
    Checking windows-numerics v0.2.0
    Checking windows-collections v0.2.0
    Checking crc32fast v1.5.0
    Checking half v2.7.1
    Checking typeid v1.0.3
    Checking unicode-segmentation v1.13.3
   Compiling heck v0.5.0
   Compiling simd-adler32 v0.3.9
    Checking lazy_static v1.5.0
    Checking erased-serde v0.4.10
   Compiling cargo_toml v0.22.3
    Checking idna_adapter v1.2.2
    Checking windows v0.61.3
    Checking regex-automata v0.4.14
    Checking flate2 v1.1.9
   Compiling dirs v6.0.0
    Checking windows_x86_64_msvc v0.48.5
    Checking idna v1.1.0
   Compiling webview2-com-sys v0.38.2
   Compiling phf_shared v0.11.3
    Checking faster-hex v0.9.0
    Checking alloc-no-stdlib v2.0.4
    Checking raw-window-handle v0.6.2
    Checking unic-common v0.9.0
    Checking futures-io v0.3.32
   Compiling adler2 v2.0.1
    Checking url v2.5.8
    Checking unic-char-range v0.9.0
    Checking unic-ucd-version v0.9.0
    Checking alloc-stdlib v0.2.2
    Checking gix-hash v0.13.3
    Checking windows-targets v0.48.5
    Checking time v0.3.47
    Checking libsqlite3-sys v0.27.0
    Checking tracing v0.1.44
    Checking hashlink v0.8.4
    Checking unic-char-property v0.9.0
    Checking spin v0.9.8
    Checking dpi v0.1.2
    Checking slab v0.4.12
    Checking weezl v0.1.12
    Checking base64 v0.22.1
    Checking parking v2.2.1
    Checking fallible-streaming-iterator v0.1.9
    Checking bitflags v1.3.2
    Checking fnv v1.0.7
   Compiling tauri-utils v2.9.2
    Checking winnow v1.0.3
    Checking gix-trace v0.1.20
    Checking dunce v1.0.5
    Checking fallible-iterator v0.3.0
    Checking burn-common v0.13.2
   Compiling winreg v0.55.0
    Checking gix-features v0.36.1
    Checking cfb v0.7.3
    Checking unic-ucd-ident v0.9.0
    Checking windows-sys v0.48.0
    Checking brotli-decompressor v5.0.1
   Compiling phf_generator v0.11.3
    Checking regex v1.12.4
    Checking jpeg-decoder v0.3.2
   Compiling fdeflate v0.3.7
   Compiling embed-resource v3.0.9
    Checking toml_parser v1.1.2+spec-1.1.0
    Checking rusqlite v0.30.0
    Checking rand_distr v0.4.3
    Checking phf_shared v0.13.1
    Checking http v1.4.2
    Checking zune-inflate v0.2.54
   Compiling tauri-winres v0.3.6
    Checking jsonptr v0.6.3
    Checking scheduled-thread-pool v0.2.7
   Compiling darling_core v0.20.11
    Checking concurrent-queue v2.5.0
    Checking quick-xml v0.39.4
    Checking windows-version v0.1.7
    Checking toml_datetime v1.1.1+spec-1.1.0
    Checking serde_spanned v1.1.1
    Checking toml_writer v1.1.1+spec-1.1.0
    Checking bytemuck v1.25.0
    Checking lebe v0.5.3
    Checking bit_field v0.10.3
    Checking untrusted v0.9.0
   Compiling windows_x86_64_msvc v0.53.1
    Checking color_quant v1.1.0
    Checking json-patch v3.0.1
   Compiling png v0.17.16
   Compiling toml_edit v0.21.1
    Checking dirs-sys v0.4.1
    Checking toml v1.1.2+spec-1.1.0
    Checking r2d2 v0.8.10
    Checking qoi v0.4.1
    Checking plist v1.9.0
    Checking ring v0.17.14
    Checking gif v0.13.3
    Checking burn-tensor v0.13.2
    Checking exr v1.74.0
    Checking phf v0.13.1
    Checking tiff v0.9.1
    Checking infer v0.19.0
    Checking cookie v0.18.1
    Checking gix-fs v0.8.1
   Compiling phf_codegen v0.11.3
    Checking strum v0.25.0
   Compiling phf v0.11.3
    Checking serde-untagged v0.1.9
    Checking dashmap v5.5.3
    Checking ctor v0.8.0
    Checking anyhow v1.0.102
    Checking rmp v0.8.15
   Compiling parse-zoneinfo v0.3.1
    Checking csv-core v0.1.13
    Checking thread_local v1.1.9
   Compiling tauri-runtime v2.11.2
    Checking foldhash v0.1.5
   Compiling rustc-hash v1.1.0
   Compiling ntapi v0.4.3
    Checking num_cpus v1.17.0
    Checking semver v1.0.28
    Checking futures-sink v0.3.32
   Compiling wry v0.55.1
   Compiling rustls v0.23.40
    Checking ryu v1.0.23
    Checking glob v0.3.3
    Checking hashbrown v0.15.5
   Compiling sha2 v0.10.9
    Checking futures-channel v0.3.32
   Compiling chrono-tz-build v0.2.1
    Checking csv v1.4.0
    Checking rmp-serde v1.3.1
   Compiling bevy_macro_utils v0.13.2
   Compiling bincode_derive v2.0.1
    Checking rustls-webpki v0.103.13
    Checking burn-autodiff v0.13.2
   Compiling ico v0.5.0
    Checking r2d2_sqlite v0.23.0
    Checking dirs v5.0.1
    Checking winapi-util v0.1.11
    Checking errno v0.3.14
    Checking mio v1.2.1
    Checking socket2 v0.6.4
    Checking tempfile v3.27.0
    Checking image v0.24.9
    Checking nu-ansi-term v0.50.3
    Checking serde_rusqlite v0.34.0
    Checking signal-hook-registry v1.4.8
    Checking same-file v1.0.6
    Checking event-listener v5.4.1
    Checking sanitize-filename v0.5.0
    Checking libloading v0.7.4
    Checking crossterm_winapi v0.9.1
    Checking walkdir v2.5.0
    Checking tokio v1.52.3
    Checking signal-hook v0.3.18
    Checking sharded-slab v0.1.7
    Checking windows-core v0.52.0
    Checking tracing-log v0.2.0
   Compiling matrixmultiply v0.3.10
   Compiling futures-macro v0.3.32
   Compiling darling_macro v0.20.11
    Checking fixedbitset v0.4.2
    Checking subtle v2.6.1
   Compiling tauri-runtime-wry v2.11.2
    Checking gix-tempfile v11.0.1
    Checking futures-task v0.3.32
    Checking petgraph v0.6.5
    Checking crossterm v0.27.0
    Checking nvml-wrapper-sys v0.7.0
    Checking event-listener-strategy v0.5.4
    Checking tracing-subscriber v0.3.23
    Checking windows v0.52.0
    Checking bincode v2.0.0-rc.3
   Compiling chrono-tz v0.8.6
    Checking softbuffer v0.4.8
    Checking lru v0.12.5
   Compiling stability v0.1.1
    Checking futures-lite v2.6.1
    Checking keyboard-types v0.7.0
   Compiling burn-derive v0.13.2
    Checking webpki-roots v1.0.7
    Checking futures-util v0.3.32
   Compiling tauri-build v2.6.2
   Compiling darling v0.20.11
   Compiling tauri-plugin v2.6.2
    Checking burn-dataset v0.13.2
   Compiling tauri-codegen v2.6.2
    Checking thread-tree v0.3.3
    Checking itertools v0.12.1
   Compiling bevy_utils_proc_macros v0.13.2
   Compiling serialize-to-javascript-impl v0.1.2
   Compiling wrapcenum-derive v0.4.1
    Checking windows-targets v0.53.5
    Checking bytesize v1.3.3
    Checking web-time v0.2.4
    Checking symlink v0.1.0
    Checking async-task v4.7.1
   Compiling indoc v2.0.7
    Checking unicode-width v0.1.14
    Checking nonmax v0.5.5
    Checking static_assertions v1.1.0
    Checking rawpointer v0.2.1
    Checking cassowary v0.3.0
    Checking window-vibrancy v0.6.0
    Checking systemstat v0.2.7
    Checking windows-sys v0.60.2
    Checking async-executor v1.14.0
    Checking muda v0.19.2
    Checking webpki-roots v0.26.11
    Checking tracing-appender v0.2.5
    Checking async-channel v2.5.0
   Compiling bevy_reflect_derive v0.13.2
    Checking schannel v0.1.29
    Checking serialize-to-javascript v0.1.2
    Checking bevy_utils v0.13.2
    Checking rustls-pemfile v2.2.0
    Checking chrono v0.4.45
    Checking num-integer v0.1.46
    Checking num-complex v0.4.6
   Compiling async-trait v0.1.89
    Checking ratatui v0.25.0
   Compiling serde_repr v0.1.20
    Checking deadpool-runtime v0.1.4
    Checking bevy_ptr v0.13.2
    Checking nvml-wrapper v0.9.0
   Compiling burn-ndarray v0.13.2
    Checking retain_mut v0.1.9
    Checking downcast-rs v1.2.1
    Checking mime v0.3.17
    Checking burn-core v0.13.2
    Checking rustls-native-certs v0.7.3
    Checking bevy_tasks v0.13.2
    Checking ndarray v0.15.6
    Checking shared_child v1.1.1
    Checking tokio-rustls v0.26.4
   Compiling bevy_ecs_macros v0.13.2
    Checking os_pipe v1.2.3
   Compiling delegate v0.10.0
    Checking open v5.3.5
    Checking encoding_rs v0.8.35
   Compiling neo4rs-macros v0.3.0
    Checking ureq v2.12.1
    Checking futures-executor v0.3.32
   Compiling tauri v2.11.2
   Compiling tauri-plugin-shell v2.3.5
   Compiling tauri-macros v2.6.2
    Checking futures v0.3.32
   Compiling anima-engine v0.1.0 (E:\Project\Anima-Engine\src-tauri)
    Checking glam v0.25.0
    Checking dotenvy v0.15.7
    Checking deadpool v0.9.5
    Checking bevy_reflect v0.13.2
    Checking neo4rs v0.7.3
    Checking bevy_ecs v0.13.2
    Checking tao v0.35.3
    Checking sysinfo v0.30.13
    Checking webview2-com v0.38.2
    Checking burn-train v0.13.2
    Checking burn v0.13.2
